<?xml version="1.0" encoding="UTF-8"?>
<testsuite xmlns:xsi="http://www.w3.org/2001/XMLSchema-instance" xsi:noNamespaceSchemaLocation="https://maven.apache.org/surefire/maven-surefire-plugin/xsd/surefire-test-report-3.0.xsd" version="3.0" name="DemoServletTest" time="0.011" tests="3" errors="0" skipped="0" failures="0">
  <properties>
    <property name="sun.desktop" value="windows"/>
    <property name="awt.toolkit" value="sun.awt.windows.WToolkit"/>
    <property name="file.encoding.pkg" value="sun.io"/>
    <property name="java.specification.version" value="1.8"/>
    <property name="sun.cpu.isalist" value="amd64"/>
    <property name="sun.jnu.encoding" value="GBK"/>
    <property name="java.class.path" value="C:\Users\fei\.m2\repository\org\apache\maven\surefire\surefire-booter\3.0.0-M3\surefire-booter-3.0.0-M3.jar;C:\Users\fei\.m2\repository\org\apache\maven\surefire\surefire-api\3.0.0-M3\surefire-api-3.0.0-M3.jar;C:\Users\fei\.m2\repository\org\apache\maven\surefire\surefire-logger-api\3.0.0-M3\surefire-logger-api-3.0.0-M3.jar;E:\git\fei\target\test-classes;E:\git\fei\target\classes;C:\Users\fei\.m2\repository\junit\junit\4.12\junit-4.12.jar;C:\Users\fei\.m2\repository\org\hamcrest\hamcrest-core\1.3\hamcrest-core-1.3.jar;C:\Users\fei\.m2\repository\javax\javaee-api\7.0\javaee-api-7.0.jar;C:\Users\fei\.m2\repository\com\sun\mail\javax.mail\1.5.0\javax.mail-1.5.0.jar;C:\Users\fei\.m2\repository\javax\activation\activation\1.1\activation-1.1.jar;C:\Users\fei\.m2\repository\javax\javaee-web-api\7.0\javaee-web-api-7.0.jar;C:\Users\fei\.m2\repository\javax\servlet\javax.servlet-api\3.1.0\javax.servlet-api-3.1.0.jar;C:\Users\fei\.m2\repository\javax\servlet\jstl\1.2\jstl-1.2.jar;C:\Users\fei\.m2\repository\org\apache\maven\surefire\surefire-junit4\3.0.0-M3\surefire-junit4-3.0.0-M3.jar;C:\Users\fei\.m2\repository\org\apache\maven\surefire\common-java5\3.0.0-M3\common-java5-3.0.0-M3.jar;C:\Users\fei\.m2\repository\org\apache\maven\surefire\common-junit3\3.0.0-M3\common-junit3-3.0.0-M3.jar;C:\Users\fei\.m2\repository\org\apache\maven\surefire\common-junit4\3.0.0-M3\common-junit4-3.0.0-M3.jar;C:\\Users\\fei\\.m2\\repository\\org\\jacoco\\org.jacoco.agent\\0.7.8\\org.jacoco.agent-0.7.8-runtime.jar"/>
    <property name="java.vm.vendor" value="Oracle Corporation"/>
    <property name="sun.arch.data.model" value="64"/>
    <property name="user.variant" value=""/>
    <property name="java.vendor.url" value="http://java.oracle.com/"/>
    <property name="user.timezone" value="Asia/Shanghai"/>
    <property name="java.vm.specification.version" value="1.8"/>
    <property name="os.name" value="Windows 10"/>
    <property name="user.country" value="CN"/>
    <property name="sun.java.launcher" value="SUN_STANDARD"/>
    <property name="sun.boot.library.path" value="C:\Program Files\Java\jdk1.8.0_162\jre\bin"/>
    <property name="sun.java.command" value="org.apache.maven.surefire.booter.ForkedBooter C:\Users\fei\AppData\Local\Temp\surefire3651754742656454658 2019-04-17T13-58-18_285-jvmRun1 surefire7450286375938266572tmp surefire_06047770970989904543tmp"/>
    <property name="surefire.test.class.path" value="E:\git\fei\target\test-classes;E:\git\fei\target\classes;C:\Users\fei\.m2\repository\junit\junit\4.12\junit-4.12.jar;C:\Users\fei\.m2\repository\org\hamcrest\hamcrest-core\1.3\hamcrest-core-1.3.jar;C:\Users\fei\.m2\repository\javax\javaee-api\7.0\javaee-api-7.0.jar;C:\Users\fei\.m2\repository\com\sun\mail\javax.mail\1.5.0\javax.mail-1.5.0.jar;C:\Users\fei\.m2\repository\javax\activation\activation\1.1\activation-1.1.jar;C:\Users\fei\.m2\repository\javax\javaee-web-api\7.0\javaee-web-api-7.0.jar;C:\Users\fei\.m2\repository\javax\servlet\javax.servlet-api\3.1.0\javax.servlet-api-3.1.0.jar;C:\Users\fei\.m2\repository\javax\servlet\jstl\1.2\jstl-1.2.jar;"/>
    <property name="sun.cpu.endian" value="little"/>
    <property name="user.home" value="C:\Users\fei"/>
    <property name="user.language" value="zh"/>
    <property name="java.specification.vendor" value="Oracle Corporation"/>
    <property name="java.home" value="C:\Program Files\Java\jdk1.8.0_162\jre"/>
    <property name="basedir" value="E:\git\fei"/>
    <property name="file.separator" value="\"/>
    <property name="line.separator" value="&#10;"/>
    <property name="java.vm.specification.vendor" value="Oracle Corporation"/>
    <property name="java.specification.name" value="Java Platform API Specification"/>
    <property name="java.awt.graphicsenv" value="sun.awt.Win32GraphicsEnvironment"/>
    <property name="sun.boot.class.path" value="C:\Program Files\Java\jdk1.8.0_162\jre\lib\resources.jar;C:\Program Files\Java\jdk1.8.0_162\jre\lib\rt.jar;C:\Program Files\Java\jdk1.8.0_162\jre\lib\sunrsasign.jar;C:\Program Files\Java\jdk1.8.0_162\jre\lib\jsse.jar;C:\Program Files\Java\jdk1.8.0_162\jre\lib\jce.jar;C:\Program Files\Java\jdk1.8.0_162\jre\lib\charsets.jar;C:\Program Files\Java\jdk1.8.0_162\jre\lib\jfr.jar;C:\Program Files\Java\jdk1.8.0_162\jre\classes"/>
    <property name="user.script" value=""/>
    <property name="sun.management.compiler" value="HotSpot 64-Bit Tiered Compilers"/>
    <property name="java.runtime.version" value="1.8.0_162-b12"/>
    <property name="user.name" value="fei"/>
    <property name="path.separator" value=";"/>
    <property name="os.version" value="10.0"/>
    <property name="java.endorsed.dirs" value="C:\Program Files\Java\jdk1.8.0_162\jre\lib\endorsed"/>
    <property name="java.runtime.name" value="Java(TM) SE Runtime Environment"/>
    <property name="file.encoding" value="GBK"/>
    <property name="java.vm.name" value="Java HotSpot(TM) 64-Bit Server VM"/>
    <property name="localRepository" value="C:\Users\fei\.m2\repository"/>
    <property name="java.vendor.url.bug" value="http://bugreport.sun.com/bugreport/"/>
    <property name="java.io.tmpdir" value="C:\Users\fei\AppData\Local\Temp\"/>
    <property name="java.version" value="1.8.0_162"/>
    <property name="user.dir" value="E:\git\fei"/>
    <property name="os.arch" value="amd64"/>
    <property name="java.vm.specification.name" value="Java Virtual Machine Specification"/>
    <property name="java.awt.printerjob" value="sun.awt.windows.WPrinterJob"/>
    <property name="sun.os.patch.level" value=""/>
    <property name="java.library.path" value="C:\Program Files\Java\jdk1.8.0_162\jre\bin;C:\WINDOWS\Sun\Java\bin;C:\WINDOWS\system32;C:\WINDOWS;C:\Program Files (x86)\Common Files\NetSarang;C:\ProgramData\Oracle\Java\javapath;C:\Windows\system32;C:\Windows;C:\Windows\System32\Wbem;C:\Windows\System32\WindowsPowerShell\v1.0\;C:\Program Files (x86)\NVIDIA Corporation\PhysX\Common;C:\Program Files\VisualSVN Server\bin;C:\Program Files\TortoiseSVN\bin;C:\WINDOWS\system32;C:\WINDOWS;C:\WINDOWS\System32\Wbem;C:\WINDOWS\System32\WindowsPowerShell\v1.0\;C:\WINDOWS\System32\OpenSSH\;C:\Users\fei\AppData\Local\Microsoft\WindowsApps;D:\sdk\platform-tools;D:\Program Files\Nox\bin;D:\Appium;D:\sdk\build-tools\21.1.2;D:\sdk\tools;D:\sdk\platform-tools;D:\nodejs\;D:\Git\cmd;D:\TortoiseGit\bin;C:\Program Files\NVIDIA Corporation\NVIDIA NvDLISR;C:\Users\fei\AppData\Roaming\npm;D:\Microsoft VS Code\bin;C:\Users\fei\AppData\Local\Microsoft\WindowsApps;C:\Program Files (x86)\Java\jre6\\bin;C:\Users\fei\AppData\Roaming\npm;D:\Microsoft VS Code\bin;C:\Users\fei\AppData\Local\Microsoft\WindowsApps;C:\Program Files (x86)\Java\jre6\\bin;C:\Users\fei\AppData\Roaming\npm;D:\Microsoft VS Code\bin;C:\Program Files\Java\jdk1.8.0_162\bin;C:\Program Files\Java\jdk1.8.0_162\jre\bin;D:\apache-maven-3.6.0\bin;C:\Users\fei\AppData\Local\Microsoft\WindowsApps;C:\Program Files (x86)\Java\jre6\\bin;C:\Users\fei\AppData\Roaming\npm;D:\Microsoft VS Code\bin;C:\Users\fei\AppData\Local\Microsoft\WindowsApps;C:\Program Files (x86)\Java\jre6\\bin;C:\Users\fei\AppData\Roaming\npm;D:\Microsoft VS Code\bin;C:\Users\fei\AppData\Local\Microsoft\WindowsApps;C:\Program Files (x86)\Java\jre6\\bin;C:\Users\fei\AppData\Roaming\npm;D:\Microsoft VS Code\bin;C:\Program Files (x86)\Sikuli X\libs;C:\Python27;C:\Python27\Scripts;C:\Program Files (x86)\jython2.5.2rc2\bin;C:\Program Files (x86)\instantclient_12_1;C:\Program Files (x86)\robot\libs\sikuli-script.jar;C:\Users\fei\AppData\Local\Microsoft\WindowsApps;C:\Program Files (x86)\Java\jre6\\bin;C:\Users\fei\AppData\Roaming\npm;D:\Microsoft VS Code\bin;;."/>
    <property name="java.vm.info" value="mixed mode"/>
    <property name="java.vendor" value="Oracle Corporation"/>
    <property name="java.vm.version" value="25.162-b12"/>
    <property name="java.ext.dirs" value="C:\Program Files\Java\jdk1.8.0_162\jre\lib\ext;C:\WINDOWS\Sun\Java\lib\ext"/>
    <property name="sun.io.unicode.encoding" value="UnicodeLittle"/>
    <property name="java.class.version" value="52.0"/>
  </properties>
  <testcase name="testPlus" classname="DemoServletTest" time="0"/>
  <testcase name="testCheckuser" classname="DemoServletTest" time="0"/>
  <testcase name="testStringTolow" classname="DemoServletTest" time="0"/>
</testsuite>